2024-01-31 19:18:06,831 - ERROR - Error while making GET request to /fapi/v1/account: {'code': -5000, 'msg': 'GET /fapi/v1/account is retired, please use GET /fapi/v2/account'} (error code 400)
2024-01-31 19:18:06,833 - INFO - Binance Futures Client successfully initialized
2024-01-31 19:18:08,343 - INFO - Websocket connected
2024-01-31 19:18:08,343 - INFO - Binance connection opened
2024-01-31 19:18:23,115 - ERROR - Error while making GET request to /fapi/v1/account: {'code': -5000, 'msg': 'GET /fapi/v1/account is retired, please use GET /fapi/v2/account'} (error code 400)
2024-01-31 19:18:23,118 - INFO - Binance Futures Client successfully initialized
2024-01-31 19:18:24,375 - INFO - Websocket connected
2024-01-31 19:18:24,375 - INFO - Binance connection opened
2024-01-31 19:26:05,222 - ERROR - Error while making GET request to /fapi/v1/account: {'code': -5000, 'msg': 'GET /fapi/v1/account is retired, please use GET /fapi/v2/account'} (error code 400)
2024-01-31 19:26:05,224 - INFO - Binance Futures Client successfully initialized
2024-01-31 19:26:06,507 - INFO - Websocket connected
2024-01-31 19:26:06,507 - INFO - Binance connection opened
2024-01-31 19:30:22,279 - INFO - Binance Futures Client successfully initialized
2024-01-31 19:30:23,520 - INFO - Websocket connected
2024-01-31 19:30:23,520 - INFO - Binance connection opened
2024-02-04 18:17:40,648 - INFO - Binance Futures Client successfully initialized
2024-02-04 18:17:42,348 - INFO - Websocket connected
2024-02-04 18:17:42,348 - INFO - Binance connection opened
2024-02-04 18:34:45,436 - INFO - Binance Futures Client successfully initialized
2024-02-04 18:34:46,700 - INFO - Websocket connected
2024-02-04 18:34:46,700 - INFO - Binance connection opened
2024-02-04 18:35:05,048 - INFO - Binance Futures Client successfully initialized
2024-02-04 18:35:06,277 - INFO - Websocket connected
2024-02-04 18:35:06,277 - INFO - Binance connection opened
2024-02-04 18:35:47,505 - INFO - Binance Futures Client successfully initialized
2024-02-04 18:35:48,754 - INFO - Websocket connected
2024-02-04 18:35:48,754 - INFO - Binance connection opened
2024-02-04 18:36:27,810 - INFO - Binance Futures Client successfully initialized
2024-02-04 18:36:29,084 - INFO - Websocket connected
2024-02-04 18:36:29,084 - INFO - Binance connection opened
2024-02-04 18:39:17,228 - INFO - Binance Futures Client successfully initialized
2024-02-04 18:39:18,636 - INFO - Websocket connected
2024-02-04 18:39:18,636 - INFO - Binance connection opened
2024-02-04 18:39:33,292 - INFO - Binance Futures Client successfully initialized
2024-02-04 18:39:34,518 - INFO - Websocket connected
2024-02-04 18:39:34,518 - INFO - Binance connection opened
2024-02-04 18:43:18,379 - INFO - Binance Futures Client successfully initialized
2024-02-04 18:43:19,663 - INFO - Websocket connected
2024-02-04 18:43:19,663 - INFO - Binance connection opened
2024-02-04 18:43:50,059 - INFO - Binance Futures Client successfully initialized
2024-02-04 18:43:51,284 - INFO - Websocket connected
2024-02-04 18:43:51,284 - INFO - Binance connection opened
2024-02-04 18:44:12,421 - INFO - Binance Futures Client successfully initialized
2024-02-04 18:44:13,693 - INFO - Websocket connected
2024-02-04 18:44:13,693 - INFO - Binance connection opened
2024-02-04 18:45:11,290 - INFO - Binance Futures Client successfully initialized
2024-02-04 18:45:12,779 - INFO - Websocket connected
2024-02-04 18:45:12,779 - INFO - Binance connection opened
2024-02-04 18:45:23,944 - INFO - Binance Futures Client successfully initialized
2024-02-04 18:45:25,248 - INFO - Websocket connected
2024-02-04 18:45:25,248 - INFO - Binance connection opened
2024-02-04 18:54:31,941 - INFO - Binance Futures Client successfully initialized
2024-02-04 18:54:33,264 - INFO - Websocket connected
2024-02-04 18:54:33,265 - INFO - Binance connection opened
2024-02-04 19:02:13,599 - INFO - Binance Futures Client successfully initialized
2024-02-04 19:02:14,905 - INFO - Websocket connected
2024-02-04 19:02:14,905 - INFO - Binance connection opened
2024-02-04 19:05:05,534 - INFO - Binance Futures Client successfully initialized
2024-02-04 19:05:06,825 - INFO - Websocket connected
2024-02-04 19:05:06,825 - INFO - Binance connection opened
2024-02-04 19:05:39,595 - INFO - Binance Futures Client successfully initialized
2024-02-04 19:05:40,837 - INFO - Websocket connected
2024-02-04 19:05:40,837 - INFO - Binance connection opened
2024-02-04 19:07:55,314 - INFO - Binance Futures Client successfully initialized
2024-02-04 19:07:56,637 - INFO - Websocket connected
2024-02-04 19:07:56,637 - INFO - Binance connection opened
2024-02-04 19:08:57,331 - INFO - Binance Futures Client successfully initialized
2024-02-04 19:08:58,692 - INFO - Websocket connected
2024-02-04 19:08:58,692 - INFO - Binance connection opened
2024-02-04 19:09:11,452 - INFO - Binance Futures Client successfully initialized
2024-02-04 19:09:12,693 - INFO - Websocket connected
2024-02-04 19:09:12,693 - INFO - Binance connection opened
2024-02-04 19:28:07,517 - INFO - Binance Futures Client successfully initialized
2024-02-04 19:28:08,180 - ERROR - Error while making POST request to /fapi/v1/order: {'code': -1102, 'msg': "Mandatory parameter 'timeinforce' was not sent, was empty/null, or malformed."} (error code 400)
2024-02-04 19:28:08,874 - INFO - Websocket connected
2024-02-04 19:28:08,874 - INFO - Binance connection opened
2024-02-04 19:29:24,017 - INFO - Binance Futures Client successfully initialized
2024-02-04 19:29:25,331 - INFO - Websocket connected
2024-02-04 19:29:25,332 - INFO - Binance connection opened
2024-02-04 19:29:33,217 - INFO - Binance Futures Client successfully initialized
2024-02-04 19:29:33,922 - ERROR - Error while making POST request to /fapi/v1/order: {'code': -1102, 'msg': "Mandatory parameter 'timeinforce' was not sent, was empty/null, or malformed."} (error code 400)
2024-02-04 19:29:34,491 - INFO - Websocket connected
2024-02-04 19:29:34,491 - INFO - Binance connection opened
2024-02-04 19:36:11,599 - INFO - Binance Futures Client successfully initialized
2024-02-04 19:36:12,916 - INFO - Websocket connected
2024-02-04 19:36:12,916 - INFO - Binance connection opened
2024-02-04 19:37:04,409 - INFO - Binance Futures Client successfully initialized
2024-02-04 19:37:05,098 - ERROR - Error while making POST request to /fapi/v1/order: {'code': -1117, 'msg': 'Invalid side.'} (error code 400)
2024-02-04 19:37:05,632 - INFO - Websocket connected
2024-02-04 19:37:05,632 - INFO - Binance connection opened
2024-02-04 19:37:23,379 - INFO - Binance Futures Client successfully initialized
2024-02-04 19:37:24,737 - INFO - Websocket connected
2024-02-04 19:37:24,737 - INFO - Binance connection opened
2024-02-04 19:37:57,675 - INFO - Binance Futures Client successfully initialized
2024-02-04 19:37:58,966 - INFO - Websocket connected
2024-02-04 19:37:58,966 - INFO - Binance connection opened
2024-02-04 19:38:05,198 - INFO - Binance Futures Client successfully initialized
2024-02-04 19:38:05,918 - ERROR - Error while making POST request to /fapi/v1/order: {'code': -4131, 'msg': "The counterparty's best price does not meet the PERCENT_PRICE filter limit."} (error code 400)
2024-02-04 19:38:06,389 - INFO - Websocket connected
2024-02-04 19:38:06,390 - INFO - Binance connection opened
2024-02-04 19:38:22,598 - INFO - Binance Futures Client successfully initialized
2024-02-04 19:38:23,308 - ERROR - Error while making POST request to /fapi/v1/order: {'code': -4131, 'msg': "The counterparty's best price does not meet the PERCENT_PRICE filter limit."} (error code 400)
2024-02-04 19:38:23,824 - INFO - Websocket connected
2024-02-04 19:38:23,824 - INFO - Binance connection opened
2024-02-04 19:38:36,098 - INFO - Binance Futures Client successfully initialized
2024-02-04 19:38:36,783 - ERROR - Error while making POST request to /fapi/v1/order: {'code': -1102, 'msg': "Mandatory parameter 'timeinforce' was not sent, was empty/null, or malformed."} (error code 400)
2024-02-04 19:38:37,391 - INFO - Websocket connected
2024-02-04 19:38:37,391 - INFO - Binance connection opened
2024-02-04 19:38:54,371 - INFO - Binance Futures Client successfully initialized
2024-02-04 19:38:55,085 - ERROR - Error while making POST request to /fapi/v1/order: {'code': -1102, 'msg': "Mandatory parameter 'timeinforce' was not sent, was empty/null, or malformed."} (error code 400)
2024-02-04 19:38:55,700 - INFO - Websocket connected
2024-02-04 19:38:55,700 - INFO - Binance connection opened
2024-02-04 19:39:04,689 - INFO - Binance Futures Client successfully initialized
2024-02-04 19:39:06,115 - INFO - Websocket connected
2024-02-04 19:39:06,116 - INFO - Binance connection opened
2024-02-04 19:39:06,461 - ERROR - Error while making POST request to /fapi/v1/order: {'code': -1102, 'msg': "Mandatory parameter 'timeinforce' was not sent, was empty/null, or malformed."} (error code 400)
2024-02-04 19:39:28,312 - INFO - Binance Futures Client successfully initialized
2024-02-04 19:39:28,962 - ERROR - Error while making POST request to /fapi/v1/order: {'code': -1102, 'msg': "Mandatory parameter 'timeinforce' was not sent, was empty/null, or malformed."} (error code 400)
2024-02-04 19:39:29,534 - INFO - Websocket connected
2024-02-04 19:39:29,534 - INFO - Binance connection opened
2024-02-04 19:40:04,336 - INFO - Binance Futures Client successfully initialized
2024-02-04 19:40:05,635 - INFO - Websocket connected
2024-02-04 19:40:05,635 - INFO - Binance connection opened
2024-02-04 20:42:09,789 - INFO - Binance Futures Client successfully initialized
2024-02-04 20:42:11,088 - INFO - Websocket connected
2024-02-04 20:42:11,088 - INFO - Binance connection opened
2024-02-04 20:43:08,498 - INFO - Binance Futures Client successfully initialized
2024-02-04 20:43:09,794 - INFO - Websocket connected
2024-02-04 20:43:09,794 - INFO - Binance connection opened
2024-02-04 20:43:22,827 - INFO - Binance Futures Client successfully initialized
2024-02-04 20:43:24,101 - INFO - Websocket connected
2024-02-04 20:43:24,101 - INFO - Binance connection opened
2024-02-04 20:43:30,515 - INFO - Binance Futures Client successfully initialized
2024-02-04 20:43:31,795 - INFO - Websocket connected
2024-02-04 20:43:31,795 - INFO - Binance connection opened
2024-02-04 20:43:43,446 - INFO - Binance Futures Client successfully initialized
2024-02-04 20:43:44,821 - INFO - Websocket connected
2024-02-04 20:43:44,821 - INFO - Binance connection opened
2024-02-04 20:44:06,454 - INFO - Binance Futures Client successfully initialized
2024-02-04 20:44:10,223 - INFO - Binance Futures Client successfully initialized
2024-02-04 20:44:11,494 - INFO - Websocket connected
2024-02-04 20:44:11,494 - INFO - Binance connection opened
2024-02-04 20:45:18,650 - INFO - Binance Futures Client successfully initialized
2024-02-04 20:45:19,918 - INFO - Websocket connected
2024-02-04 20:45:19,919 - INFO - Binance connection opened
2024-02-04 20:45:28,376 - INFO - Binance Futures Client successfully initialized
2024-02-04 20:45:29,655 - INFO - Websocket connected
2024-02-04 20:45:29,655 - INFO - Binance connection opened
2024-02-04 20:47:05,925 - INFO - Binance Futures Client successfully initialized
2024-02-04 20:47:07,214 - INFO - Websocket connected
2024-02-04 20:47:07,214 - INFO - Binance connection opened
2024-02-04 21:01:23,647 - INFO - Binance Futures Client successfully initialized
2024-02-04 21:01:25,238 - INFO - Websocket connected
2024-02-04 21:01:25,238 - INFO - Binance connection opened
2024-02-04 21:01:48,862 - INFO - Binance Futures Client successfully initialized
2024-02-04 21:01:50,271 - INFO - Websocket connected
2024-02-04 21:01:50,271 - INFO - Binance connection opened
2024-02-04 21:02:18,549 - INFO - Binance Futures Client successfully initialized
2024-02-04 21:02:20,010 - INFO - Websocket connected
2024-02-04 21:02:20,010 - INFO - Binance connection opened
2024-02-04 21:02:54,391 - INFO - Binance Futures Client successfully initialized
2024-02-04 21:02:55,773 - INFO - Websocket connected
2024-02-04 21:02:55,773 - INFO - Binance connection opened
2024-02-04 21:03:29,179 - INFO - Binance Futures Client successfully initialized
2024-02-04 21:03:30,519 - INFO - Websocket connected
2024-02-04 21:03:30,519 - INFO - Binance connection opened
2024-02-04 21:04:28,689 - INFO - Binance Futures Client successfully initialized
2024-02-04 21:04:29,968 - INFO - Websocket connected
2024-02-04 21:04:29,968 - INFO - Binance connection opened
2024-02-04 21:04:36,291 - INFO - Binance Futures Client successfully initialized
2024-02-04 21:04:37,573 - INFO - Websocket connected
2024-02-04 21:04:37,573 - INFO - Binance connection opened
2024-02-04 21:04:41,652 - INFO - Binance Futures Client successfully initialized
2024-02-04 21:04:42,925 - INFO - Websocket connected
2024-02-04 21:04:42,925 - INFO - Binance connection opened
2024-02-04 21:05:08,335 - INFO - Binance Futures Client successfully initialized
2024-02-04 21:05:09,649 - INFO - Websocket connected
2024-02-04 21:05:09,649 - INFO - Binance connection opened
2024-02-04 21:05:58,301 - INFO - Binance Futures Client successfully initialized
2024-02-04 21:05:59,609 - INFO - Websocket connected
2024-02-04 21:05:59,609 - INFO - Binance connection opened
2024-02-04 21:07:05,752 - INFO - Binance Futures Client successfully initialized
2024-02-04 21:07:07,083 - INFO - Websocket connected
2024-02-04 21:07:07,084 - INFO - Binance connection opened
2024-02-04 21:08:00,559 - INFO - Binance Futures Client successfully initialized
2024-02-04 21:08:01,841 - INFO - Websocket connected
2024-02-04 21:08:01,841 - INFO - Binance connection opened
2024-02-04 21:08:19,942 - INFO - Binance Futures Client successfully initialized
2024-02-04 21:08:21,252 - INFO - Websocket connected
2024-02-04 21:08:21,253 - INFO - Binance connection opened
2024-02-04 21:08:57,954 - INFO - Binance Futures Client successfully initialized
2024-02-04 21:08:59,351 - INFO - Websocket connected
2024-02-04 21:08:59,352 - INFO - Binance connection opened
2024-02-04 21:09:57,338 - INFO - Binance Futures Client successfully initialized
2024-02-04 21:09:58,659 - INFO - Websocket connected
2024-02-04 21:09:58,659 - INFO - Binance connection opened
2024-02-04 21:10:12,367 - INFO - Binance Futures Client successfully initialized
2024-02-04 21:10:13,650 - INFO - Websocket connected
2024-02-04 21:10:13,650 - INFO - Binance connection opened
2024-02-04 21:39:47,851 ERROR :: Error while making GET request to /fapi/v2/account: {'code': -2014, 'msg': 'API-key format invalid.'} (error code 401)
2024-02-04 21:39:47,853 INFO :: Binance Futures Client successfully initialized
2024-02-04 21:39:48,460 ERROR :: Error while making GET request to /api/v1/instrument/active: {'error': {'message': 'Missing authorization headers: api-key', 'name': 'HTTPError'}} (error code 401)
2024-02-04 21:39:48,957 ERROR :: Error while making GET request to /api/v1/user/margin: {'error': {'message': 'Missing authorization headers: api-key', 'name': 'HTTPError'}} (error code 401)
2024-02-04 21:39:48,958 INFO :: Bitmex Client successfully initialized
2024-02-04 21:39:49,117 INFO :: Websocket connected
2024-02-04 21:39:49,117 INFO :: Binance connection opened
2024-02-04 21:39:49,446 INFO :: Websocket connected
2024-02-04 21:39:49,446 INFO :: Bitmex connection opened
2024-02-04 21:40:33,420 ERROR :: Error while making GET request to /fapi/v2/account: {'code': -2014, 'msg': 'API-key format invalid.'} (error code 401)
2024-02-04 21:40:33,423 INFO :: Binance Futures Client successfully initialized
2024-02-04 21:40:33,957 ERROR :: Error while making GET request to /api/v1/instrument/active: {'error': {'message': 'Missing authorization headers: api-key', 'name': 'HTTPError'}} (error code 401)
2024-02-04 21:40:34,507 ERROR :: Error while making GET request to /api/v1/user/margin: {'error': {'message': 'Missing authorization headers: api-key', 'name': 'HTTPError'}} (error code 401)
2024-02-04 21:40:34,508 INFO :: Bitmex Client successfully initialized
2024-02-04 21:40:34,634 INFO :: Websocket connected
2024-02-04 21:40:34,634 INFO :: Binance connection opened
2024-02-04 21:40:34,948 INFO :: Websocket connected
2024-02-04 21:40:34,948 INFO :: Bitmex connection opened
2024-02-04 21:41:13,841 INFO :: Binance Futures Client successfully initialized
2024-02-04 21:41:15,124 INFO :: Websocket connected
2024-02-04 21:41:15,124 INFO :: Binance connection opened
2024-02-04 21:41:32,046 INFO :: Binance Futures Client successfully initialized
2024-02-04 21:41:33,298 INFO :: Websocket connected
2024-02-04 21:41:33,298 INFO :: Binance connection opened
2024-02-04 21:43:47,050 INFO :: Binance Futures Client successfully initialized
2024-02-04 21:43:48,363 INFO :: Websocket connected
2024-02-04 21:43:48,363 INFO :: Binance connection opened
2024-02-04 21:43:48,436 INFO :: Bitmex Client successfully initialized
2024-02-04 21:43:48,945 INFO :: Websocket connected
2024-02-04 21:43:48,945 INFO :: Bitmex connection opened
2024-02-04 21:44:28,962 INFO :: Binance Futures Client successfully initialized
2024-02-04 21:44:30,055 INFO :: Bitmex Client successfully initialized
2024-02-04 21:44:30,210 INFO :: Websocket connected
2024-02-04 21:44:30,211 INFO :: Binance connection opened
2024-02-04 21:44:30,530 INFO :: Websocket connected
2024-02-04 21:44:30,531 INFO :: Bitmex connection opened
2024-02-04 21:45:19,019 INFO :: Binance Futures Client successfully initialized
2024-02-04 21:45:20,187 INFO :: Bitmex Client successfully initialized
2024-02-04 21:45:20,324 INFO :: Websocket connected
2024-02-04 21:45:20,325 INFO :: Binance connection opened
2024-02-04 21:45:20,668 INFO :: Websocket connected
2024-02-04 21:45:20,669 INFO :: Bitmex connection opened
2024-02-04 21:47:03,957 INFO :: Binance Futures Client successfully initialized
2024-02-04 21:47:05,054 INFO :: Bitmex Client successfully initialized
2024-02-04 21:47:05,283 INFO :: Websocket connected
2024-02-04 21:47:05,283 INFO :: Binance connection opened
2024-02-04 21:47:05,529 INFO :: Websocket connected
2024-02-04 21:47:05,529 INFO :: Bitmex connection opened
2024-02-04 21:47:28,679 INFO :: Binance Futures Client successfully initialized
2024-02-04 21:47:29,814 INFO :: Bitmex Client successfully initialized
2024-02-04 21:47:29,933 INFO :: Websocket connected
2024-02-04 21:47:29,933 INFO :: Binance connection opened
2024-02-04 21:47:30,272 INFO :: Websocket connected
2024-02-04 21:47:30,272 INFO :: Bitmex connection opened
2024-02-05 10:58:48,768 INFO :: Binance Futures Client successfully initialized
2024-02-05 10:58:49,978 INFO :: Bitmex Client successfully initialized
2024-02-05 10:58:50,364 INFO :: Websocket connected
2024-02-05 10:58:50,365 INFO :: Binance connection opened
2024-02-05 10:58:50,881 INFO :: Websocket connected
2024-02-05 10:58:50,881 INFO :: Bitmex connection opened
